2023-11-22 11:57:38,001:INFO:is_homePage_visible:Page loaded successfully!
2023-11-22 11:58:43,549:INFO:is_homePage_visible:Page loaded successfully!
2023-11-22 11:58:45,285:INFO:test_HomePageVisible:New User Signup!
2023-11-27 11:09:15,520:INFO:is_homePage_visible:Page loaded successfully!
2023-11-27 11:09:17,935:INFO:test_HomePageVisible:New User Signup!
2023-11-27 11:16:19,022:INFO:is_homePage_visible:Page loaded successfully!
2023-11-27 11:16:20,830:INFO:test_HomePageVisible:New User Signup!
2023-11-27 11:26:35,383:INFO:is_homePage_visible:Page loaded successfully!
2023-11-27 11:26:45,002:INFO:test_HomePageVisible:New User Signup!
2023-11-27 11:29:43,497:INFO:is_homePage_visible:Page loaded successfully!
2023-11-27 11:29:45,404:INFO:test_HomePageVisible:New User Signup!
2023-11-27 15:32:43,551:INFO:is_homePage_visible:Page loaded successfully!
2023-11-27 15:32:47,782:INFO:test_HomePageVisible:New User Signup!
2023-11-27 15:33:31,181:INFO:is_homePage_visible:Page loaded successfully!
2023-11-27 15:33:32,782:INFO:test_HomePageVisible:New User Signup!
2023-11-27 15:36:36,139:INFO:is_homePage_visible:Page loaded successfully!
2023-11-27 15:36:37,672:INFO:test_HomePageVisible:New User Signup!
2023-11-27 15:37:07,831:INFO:is_homePage_visible:Page loaded successfully!
2023-11-27 15:37:09,425:INFO:test_HomePageVisible:New User Signup!
2023-11-27 15:38:00,947:INFO:is_homePage_visible:Page loaded successfully!
2023-11-27 15:38:02,502:INFO:test_HomePageVisible:New User Signup!
2023-11-27 16:24:53,498:INFO:is_homePage_visible:Page loaded successfully!
2023-11-27 16:24:54,533:INFO:test_HomePageVisible:New User Signup!
2023-11-27 16:29:47,380:INFO:is_homePage_visible:Page loaded successfully!
2023-11-27 16:29:52,117:INFO:test_HomePageVisible:New User Signup!
2023-11-27 16:30:30,995:INFO:is_homePage_visible:Page loaded successfully!
2023-11-27 16:30:32,767:INFO:test_HomePageVisible:New User Signup!
2023-11-27 16:30:58,130:INFO:is_homePage_visible:Page loaded successfully!
2023-11-27 16:30:59,502:INFO:test_HomePageVisible:New User Signup!
2023-11-27 16:31:27,799:INFO:is_homePage_visible:Page loaded successfully!
2023-11-27 16:31:29,315:INFO:test_HomePageVisible:New User Signup!
2023-11-27 16:35:55,554:INFO:is_homePage_visible:Page loaded successfully!
2023-11-27 16:35:58,075:INFO:test_HomePageVisible:New User Signup!
2023-11-27 16:37:18,392:INFO:is_homePage_visible:Page loaded successfully!
2023-11-27 16:37:19,869:INFO:test_HomePageVisible:New User Signup!
2023-11-27 16:38:37,792:INFO:is_homePage_visible:Page loaded successfully!
2023-11-27 16:38:39,574:INFO:test_HomePageVisible:New User Signup!
2023-11-27 16:41:05,682:INFO:is_homePage_visible:Page loaded successfully!
2023-11-27 16:45:05,597:INFO:is_homePage_visible:Page loaded successfully!
2023-11-27 16:45:07,050:INFO:test_HomePageVisible:New User Signup!
2023-11-27 16:46:40,976:INFO:is_homePage_visible:Page loaded successfully!
2023-11-27 16:46:42,539:INFO:test_HomePageVisible:New User Signup!
2023-11-27 19:52:16,538:INFO:is_homePage_visible:Page loaded successfully!
2023-11-27 19:52:19,336:INFO:test_HomePageVisible:New User Signup!
2023-11-28 10:25:27,517:INFO:is_homePage_visible:Page loaded successfully!
2023-11-28 10:30:14,923:INFO:is_homePage_visible:Page loaded successfully!
2023-11-28 10:31:02,653:INFO:is_homePage_visible:Page loaded successfully!
2023-11-28 15:21:19,658:INFO:is_homePage_visible:Page loaded successfully!
2023-11-28 15:28:37,466:INFO:is_homePage_visible:Page loaded successfully!
2023-11-28 15:28:44,701:INFO:test_HomePageVisible:New User Signup!
2023-11-28 15:29:48,380:INFO:is_homePage_visible:Page loaded successfully!
2023-11-28 15:29:49,986:INFO:test_HomePageVisible:New User Signup!
2023-11-28 17:16:41,485:INFO:is_homePage_visible:Page loaded successfully!
2023-11-28 17:16:43,068:INFO:test_verifyUseralredyExit:New User Signup!
2023-11-28 17:18:02,084:INFO:is_homePage_visible:Page loaded successfully!
2023-11-28 17:18:03,648:INFO:test_verifyUseralredyExit:New User Signup!
2023-11-28 23:36:19,963:INFO:is_homePage_visible:Page loaded successfully!
2023-11-28 23:37:17,757:INFO:is_homePage_visible:Page loaded successfully!
2023-11-28 23:37:58,210:INFO:is_homePage_visible:Page loaded successfully!
2023-11-28 23:38:56,307:INFO:is_homePage_visible:Page loaded successfully!
2023-11-28 23:56:16,618:INFO:is_homePage_visible:Page loaded successfully!
2023-11-28 23:58:20,302:INFO:is_homePage_visible:Page loaded successfully!
2023-11-29 01:04:50,163:INFO:is_homePage_visible:Page loaded successfully!
2023-11-29 01:06:12,889:INFO:is_homePage_visible:Page loaded successfully!
2023-11-29 01:08:06,117:INFO:is_homePage_visible:Page loaded successfully!
2023-11-29 01:11:56,808:INFO:is_homePage_visible:Page loaded successfully!
2023-11-29 01:14:02,187:INFO:is_homePage_visible:Page loaded successfully!
2023-11-29 01:16:10,908:INFO:is_homePage_visible:Page loaded successfully!
2023-11-29 01:22:23,577:INFO:is_homePage_visible:Page loaded successfully!
2023-11-29 01:23:05,826:INFO:is_homePage_visible:Page loaded successfully!
2023-11-29 01:23:47,727:INFO:is_homePage_visible:Page loaded successfully!
2023-11-29 01:25:17,749:INFO:is_homePage_visible:Page loaded successfully!
2023-11-29 01:27:03,062:INFO:is_homePage_visible:Page loaded successfully!
2023-11-29 08:34:59,243:INFO:is_homePage_visible:Page loaded successfully!
2023-11-29 08:35:38,282:INFO:is_homePage_visible:Page loaded successfully!
2023-11-29 08:44:33,777:INFO:is_homePage_visible:Page loaded successfully!
2023-11-29 18:12:16,578:INFO:is_homePage_visible:Page loaded successfully!
2023-11-29 18:12:54,754:INFO:is_homePage_visible:Page loaded successfully!
2023-11-29 18:13:32,163:INFO:is_homePage_visible:Page loaded successfully!
2023-11-29 18:14:48,535:INFO:is_homePage_visible:Page loaded successfully!
2023-11-29 18:16:37,478:INFO:is_homePage_visible:Page loaded successfully!
2023-11-29 18:35:47,439:INFO:is_homePage_visible:Page loaded successfully!
2023-11-29 18:38:25,973:INFO:is_homePage_visible:Page loaded successfully!
2023-11-29 18:41:02,815:INFO:is_homePage_visible:Page loaded successfully!
2023-11-29 18:42:29,229:INFO:is_homePage_visible:Page loaded successfully!
2023-12-01 09:13:20,621:INFO:is_homePage_visible:Page loaded successfully!
2023-12-01 09:19:29,724:INFO:is_homePage_visible:Page loaded successfully!
2023-12-01 09:20:42,037:INFO:is_homePage_visible:Page loaded successfully!
2023-12-01 09:25:30,575:INFO:is_homePage_visible:Page loaded successfully!
2023-12-01 09:30:19,348:INFO:is_homePage_visible:Page loaded successfully!
2023-12-01 09:31:15,242:INFO:is_homePage_visible:Timed out waiting for page to load.
2023-12-01 11:06:13,057:INFO:is_homePage_visible:Page loaded successfully!
2023-12-01 11:08:31,899:INFO:is_homePage_visible:Page loaded successfully!
2023-12-01 11:10:57,898:INFO:is_homePage_visible:Page loaded successfully!
2023-12-01 11:13:45,900:INFO:is_homePage_visible:Page loaded successfully!
2023-12-01 11:17:55,210:INFO:is_homePage_visible:Page loaded successfully!
2023-12-01 14:20:00,393:INFO:is_homePage_visible:Page loaded successfully!
2023-12-01 14:20:33,725:INFO:is_homePage_visible:Page loaded successfully!
2023-12-01 14:20:35,435:INFO:test_HomePageVisible:New User Signup!
2023-12-01 14:29:09,793:INFO:is_homePage_visible:Page loaded successfully!
2023-12-01 14:29:12,071:INFO:test_HomePageVisible:New User Signup!
2023-12-01 14:30:01,810:INFO:is_homePage_visible:Page loaded successfully!
2023-12-01 14:30:03,423:INFO:test_HomePageVisible:New User Signup!
2023-12-01 15:05:33,525:INFO:is_homePage_visible:Page loaded successfully!
2023-12-01 15:10:48,061:INFO:is_homePage_visible:Page loaded successfully!
2023-12-01 15:15:51,724:INFO:is_homePage_visible:Page loaded successfully!
2023-12-01 15:42:45,954:INFO:is_homePage_visible:Page loaded successfully!
2023-12-01 16:05:47,124:INFO:is_homePage_visible:Page loaded successfully!
2023-12-01 16:05:49,330:INFO:test_verifyUseralredyExit:New User Signup!
2023-12-01 16:16:44,443:INFO:is_homePage_visible:Page loaded successfully!
2023-12-01 17:48:08,447:INFO:is_homePage_visible:Page loaded successfully!
2023-12-01 17:48:45,559:INFO:is_homePage_visible:Page loaded successfully!
2023-12-01 17:53:55,113:INFO:is_homePage_visible:Page loaded successfully!
2023-12-01 18:05:09,329:INFO:is_homePage_visible:Page loaded successfully!
2023-12-01 18:06:05,407:INFO:is_homePage_visible:Page loaded successfully!
2023-12-01 18:09:54,832:INFO:is_homePage_visible:Page loaded successfully!
2023-12-01 18:10:22,709:INFO:is_homePage_visible:Page loaded successfully!
2023-12-01 18:31:55,158:INFO:is_homePage_visible:Page loaded successfully!
2023-12-01 18:44:49,739:INFO:is_homePage_visible:Page loaded successfully!
2023-12-01 18:46:41,110:INFO:is_homePage_visible:Page loaded successfully!
2023-12-01 18:50:51,570:INFO:is_homePage_visible:Page loaded successfully!
2023-12-01 18:58:40,952:INFO:is_homePage_visible:Page loaded successfully!
2023-12-01 19:06:54,872:INFO:is_homePage_visible:Page loaded successfully!
2023-12-01 23:30:26,601:INFO:is_homePage_visible:Page loaded successfully!
2023-12-01 23:31:54,883:INFO:is_homePage_visible:Page loaded successfully!
2023-12-01 23:36:52,159:INFO:is_homePage_visible:Page loaded successfully!
2023-12-01 23:37:59,948:INFO:is_homePage_visible:Page loaded successfully!
2023-12-01 23:50:08,685:INFO:is_homePage_visible:Page loaded successfully!
2023-12-01 23:52:33,977:INFO:is_homePage_visible:Page loaded successfully!
2023-12-02 00:04:09,208:INFO:is_homePage_visible:Page loaded successfully!
2023-12-02 00:05:38,233:INFO:is_homePage_visible:Page loaded successfully!
2023-12-02 00:07:06,415:INFO:is_homePage_visible:Page loaded successfully!
2023-12-02 00:09:41,907:INFO:is_homePage_visible:Page loaded successfully!
2023-12-02 00:10:42,129:INFO:is_homePage_visible:Page loaded successfully!
2023-12-02 00:15:26,193:INFO:is_homePage_visible:Page loaded successfully!
2023-12-02 14:54:41,850:INFO:is_homePage_visible:Page loaded successfully!
2023-12-02 14:57:26,440:INFO:is_homePage_visible:Page loaded successfully!
2023-12-02 15:02:13,998:INFO:is_homePage_visible:Page loaded successfully!
2023-12-02 15:03:22,574:INFO:is_homePage_visible:Page loaded successfully!
2023-12-02 15:05:06,015:INFO:is_homePage_visible:Page loaded successfully!
2023-12-02 15:10:04,462:INFO:is_homePage_visible:Page loaded successfully!
2023-12-02 15:30:59,887:INFO:is_homePage_visible:Page loaded successfully!
2023-12-02 15:37:08,000:INFO:is_homePage_visible:Page loaded successfully!
2023-12-02 15:38:59,568:INFO:is_homePage_visible:Page loaded successfully!
2023-12-02 15:41:06,875:INFO:is_homePage_visible:Page loaded successfully!
2023-12-02 15:47:20,245:INFO:is_homePage_visible:Page loaded successfully!
2023-12-02 15:50:37,801:INFO:is_homePage_visible:Page loaded successfully!
2023-12-02 15:57:25,774:INFO:is_homePage_visible:Page loaded successfully!
2023-12-02 16:02:15,596:INFO:is_homePage_visible:Page loaded successfully!
2023-12-02 22:27:26,744:INFO:is_homePage_visible:Page loaded successfully!
2023-12-03 21:24:08,109:INFO:is_homePage_visible:Page loaded successfully!
2023-12-03 21:25:43,260:INFO:is_homePage_visible:Page loaded successfully!
2023-12-03 21:39:29,501:INFO:is_homePage_visible:Page loaded successfully!
2023-12-04 08:02:24,938:INFO:is_homePage_visible:Page loaded successfully!
2023-12-04 08:04:12,682:INFO:is_homePage_visible:Page loaded successfully!
2023-12-04 08:04:55,778:INFO:is_homePage_visible:Page loaded successfully!
2023-12-04 08:06:08,009:INFO:is_homePage_visible:Page loaded successfully!
2023-12-04 20:19:07,004:INFO:is_homePage_visible:Page loaded successfully!
2023-12-04 20:31:48,788:INFO:is_homePage_visible:Page loaded successfully!
2023-12-04 20:33:09,387:INFO:is_homePage_visible:Page loaded successfully!
2023-12-04 20:34:49,785:INFO:is_homePage_visible:Page loaded successfully!
2023-12-04 20:39:34,345:INFO:is_homePage_visible:Page loaded successfully!
2023-12-04 20:40:23,082:INFO:is_homePage_visible:Page loaded successfully!
2023-12-05 06:18:20,738:INFO:is_homePage_visible:Page loaded successfully!
2023-12-05 06:19:17,455:INFO:is_homePage_visible:Page loaded successfully!
2023-12-05 06:29:37,788:INFO:is_homePage_visible:Page loaded successfully!
2023-12-05 06:41:33,844:INFO:is_homePage_visible:Page loaded successfully!
2023-12-05 07:34:29,480:INFO:is_homePage_visible:Page loaded successfully!
2023-12-05 07:49:17,849:INFO:is_homePage_visible:Page loaded successfully!
2023-12-05 07:50:10,613:INFO:is_homePage_visible:Page loaded successfully!
2023-12-05 07:52:52,445:INFO:is_homePage_visible:Page loaded successfully!
2023-12-05 07:54:43,119:INFO:is_homePage_visible:Page loaded successfully!
2023-12-06 07:00:42,212:INFO:is_homePage_visible:Page loaded successfully!
2023-12-06 07:01:36,290:INFO:is_homePage_visible:Page loaded successfully!
2023-12-06 07:06:31,837:INFO:is_homePage_visible:Page loaded successfully!
2023-12-06 07:08:09,762:INFO:is_homePage_visible:Page loaded successfully!
2023-12-06 07:10:30,407:INFO:is_homePage_visible:Page loaded successfully!
2023-12-06 07:11:46,791:INFO:is_homePage_visible:Page loaded successfully!
2023-12-06 07:14:02,125:INFO:is_homePage_visible:Page loaded successfully!
2023-12-06 07:15:33,803:INFO:is_homePage_visible:Page loaded successfully!
2023-12-06 07:17:57,975:INFO:is_homePage_visible:Page loaded successfully!
2023-12-06 07:20:41,341:INFO:is_homePage_visible:Page loaded successfully!
2023-12-06 07:21:21,795:INFO:is_homePage_visible:Page loaded successfully!
2023-12-06 07:22:45,399:INFO:is_homePage_visible:Page loaded successfully!
2023-12-06 07:32:07,569:INFO:is_homePage_visible:Page loaded successfully!
2023-12-06 07:35:47,451:INFO:is_homePage_visible:Page loaded successfully!
2023-12-06 07:38:08,485:INFO:is_homePage_visible:Page loaded successfully!
2023-12-06 08:38:00,119:INFO:is_homePage_visible:Page loaded successfully!
2023-12-06 08:58:18,673:INFO:is_homePage_visible:Page loaded successfully!
2023-12-06 09:01:04,813:INFO:is_homePage_visible:Page loaded successfully!
2023-12-06 09:26:06,913:INFO:is_homePage_visible:Page loaded successfully!
2023-12-06 09:31:03,722:INFO:is_homePage_visible:Page loaded successfully!
2023-12-06 09:31:50,359:INFO:is_homePage_visible:Page loaded successfully!
2023-12-06 13:32:33,728:INFO:is_homePage_visible:Page loaded successfully!
2023-12-06 13:34:08,189:INFO:is_homePage_visible:Page loaded successfully!
2023-12-06 13:38:27,984:INFO:is_homePage_visible:Page loaded successfully!
2023-12-06 13:39:34,729:INFO:is_homePage_visible:Page loaded successfully!
2023-12-06 13:42:20,398:INFO:is_homePage_visible:Page loaded successfully!
2023-12-06 13:46:12,731:INFO:is_homePage_visible:Page loaded successfully!
2023-12-06 13:48:24,745:INFO:is_homePage_visible:Page loaded successfully!
2023-12-06 13:49:38,604:INFO:is_homePage_visible:Page loaded successfully!
2023-12-06 13:51:39,095:INFO:is_homePage_visible:Page loaded successfully!
2023-12-06 14:06:30,021:INFO:is_homePage_visible:Page loaded successfully!
2023-12-06 14:10:49,861:INFO:is_homePage_visible:Page loaded successfully!
2023-12-06 17:47:54,594:INFO:is_homePage_visible:Page loaded successfully!
2023-12-06 20:09:29,715:INFO:is_homePage_visible:Page loaded successfully!
2023-12-06 20:17:08,276:INFO:is_homePage_visible:Page loaded successfully!
2023-12-11 11:37:07,899:INFO:is_homePage_visible:Page loaded successfully!
2023-12-11 13:06:46,790:INFO:is_homePage_visible:Page loaded successfully!
2023-12-11 13:06:48,383:INFO:test_HomePageVisible:New User Signup!
2023-12-11 13:06:49,819:INFO:test_HomePageVisible:ENTER ACCOUNT INFORMATION
2023-12-11 13:06:56,858:INFO:test_HomePageVisible:Account Creation Successful
2023-12-11 13:06:56,894:INFO:test_HomePageVisible:Logged as Username is successful
2023-12-11 13:07:00,094:INFO:test_HomePageVisible:account delete successful
2023-12-11 13:07:06,389:INFO:is_homePage_visible:Page loaded successfully!
2023-12-11 13:07:06,389:INFO:is_homePage_visible:Page loaded successfully!
2023-12-11 13:07:06,418:INFO:is_homePage_visible:Page loaded successfully!
2023-12-11 13:07:06,418:INFO:is_homePage_visible:Page loaded successfully!
2023-12-11 13:07:06,418:INFO:is_homePage_visible:Page loaded successfully!
2023-12-11 13:07:15,889:INFO:is_homePage_visible:Page loaded successfully!
2023-12-11 13:07:15,889:INFO:is_homePage_visible:Page loaded successfully!
2023-12-11 13:07:15,889:INFO:is_homePage_visible:Page loaded successfully!
2023-12-11 13:07:15,889:INFO:is_homePage_visible:Page loaded successfully!
2023-12-11 13:07:15,920:INFO:is_homePage_visible:Page loaded successfully!
2023-12-11 13:07:15,920:INFO:is_homePage_visible:Page loaded successfully!
2023-12-11 13:07:15,920:INFO:is_homePage_visible:Page loaded successfully!
2023-12-11 13:07:15,920:INFO:is_homePage_visible:Page loaded successfully!
2023-12-11 13:07:15,920:INFO:is_homePage_visible:Page loaded successfully!
2023-12-11 13:07:26,410:INFO:is_homePage_visible:Page loaded successfully!
2023-12-11 13:07:26,410:INFO:is_homePage_visible:Page loaded successfully!
2023-12-11 13:07:26,410:INFO:is_homePage_visible:Page loaded successfully!
2023-12-11 13:07:26,410:INFO:is_homePage_visible:Page loaded successfully!
2023-12-11 13:07:26,410:INFO:is_homePage_visible:Page loaded successfully!
2023-12-11 13:07:26,410:INFO:is_homePage_visible:Page loaded successfully!
2023-12-11 13:07:26,438:INFO:is_homePage_visible:Page loaded successfully!
2023-12-11 13:07:26,438:INFO:is_homePage_visible:Page loaded successfully!
2023-12-11 13:07:26,438:INFO:is_homePage_visible:Page loaded successfully!
2023-12-11 13:07:26,438:INFO:is_homePage_visible:Page loaded successfully!
2023-12-11 13:07:26,438:INFO:is_homePage_visible:Page loaded successfully!
2023-12-11 13:07:26,438:INFO:is_homePage_visible:Page loaded successfully!
2023-12-11 13:07:26,438:INFO:is_homePage_visible:Page loaded successfully!
2023-12-11 13:07:36,029:INFO:is_homePage_visible:Page loaded successfully!
2023-12-11 13:07:36,029:INFO:is_homePage_visible:Page loaded successfully!
2023-12-11 13:07:36,029:INFO:is_homePage_visible:Page loaded successfully!
2023-12-11 13:07:36,029:INFO:is_homePage_visible:Page loaded successfully!
2023-12-11 13:07:36,029:INFO:is_homePage_visible:Page loaded successfully!
2023-12-11 13:07:36,029:INFO:is_homePage_visible:Page loaded successfully!
2023-12-11 13:07:36,029:INFO:is_homePage_visible:Page loaded successfully!
2023-12-11 13:07:36,029:INFO:is_homePage_visible:Page loaded successfully!
2023-12-11 13:07:37,367:INFO:test_register_User_withExisting_Exit:New User Signup!
2023-12-11 13:07:45,543:INFO:is_homePage_visible:Page loaded successfully!
2023-12-11 13:07:45,543:INFO:is_homePage_visible:Page loaded successfully!
2023-12-11 13:07:45,543:INFO:is_homePage_visible:Page loaded successfully!
2023-12-11 13:07:45,543:INFO:is_homePage_visible:Page loaded successfully!
2023-12-11 13:07:45,543:INFO:is_homePage_visible:Page loaded successfully!
2023-12-11 13:07:45,543:INFO:is_homePage_visible:Page loaded successfully!
2023-12-11 13:07:45,543:INFO:is_homePage_visible:Page loaded successfully!
2023-12-11 13:07:45,543:INFO:is_homePage_visible:Page loaded successfully!
2023-12-11 13:07:45,543:INFO:is_homePage_visible:Page loaded successfully!
2023-12-11 13:08:02,254:INFO:is_homePage_visible:Page loaded successfully!
2023-12-11 13:08:02,254:INFO:is_homePage_visible:Page loaded successfully!
2023-12-11 13:08:02,254:INFO:is_homePage_visible:Page loaded successfully!
2023-12-11 13:08:02,254:INFO:is_homePage_visible:Page loaded successfully!
2023-12-11 13:08:02,254:INFO:is_homePage_visible:Page loaded successfully!
2023-12-11 13:08:02,254:INFO:is_homePage_visible:Page loaded successfully!
2023-12-11 13:08:02,254:INFO:is_homePage_visible:Page loaded successfully!
2023-12-11 13:08:02,254:INFO:is_homePage_visible:Page loaded successfully!
2023-12-11 13:08:02,254:INFO:is_homePage_visible:Page loaded successfully!
2023-12-11 13:08:02,254:INFO:is_homePage_visible:Page loaded successfully!
2023-12-11 13:08:10,798:INFO:is_homePage_visible:Page loaded successfully!
2023-12-11 13:08:10,798:INFO:is_homePage_visible:Page loaded successfully!
2023-12-11 13:08:10,798:INFO:is_homePage_visible:Page loaded successfully!
2023-12-11 13:08:10,798:INFO:is_homePage_visible:Page loaded successfully!
2023-12-11 13:08:10,798:INFO:is_homePage_visible:Page loaded successfully!
2023-12-11 13:08:10,798:INFO:is_homePage_visible:Page loaded successfully!
2023-12-11 13:08:10,798:INFO:is_homePage_visible:Page loaded successfully!
2023-12-11 13:08:10,798:INFO:is_homePage_visible:Page loaded successfully!
2023-12-11 13:08:10,798:INFO:is_homePage_visible:Page loaded successfully!
2023-12-11 13:08:10,798:INFO:is_homePage_visible:Page loaded successfully!
2023-12-11 13:08:10,798:INFO:is_homePage_visible:Page loaded successfully!
2023-12-11 13:08:22,058:INFO:is_homePage_visible:Page loaded successfully!
2023-12-11 13:08:22,058:INFO:is_homePage_visible:Page loaded successfully!
2023-12-11 13:08:22,058:INFO:is_homePage_visible:Page loaded successfully!
2023-12-11 13:08:22,058:INFO:is_homePage_visible:Page loaded successfully!
2023-12-11 13:08:22,058:INFO:is_homePage_visible:Page loaded successfully!
2023-12-11 13:08:22,058:INFO:is_homePage_visible:Page loaded successfully!
2023-12-11 13:08:22,058:INFO:is_homePage_visible:Page loaded successfully!
2023-12-11 13:08:22,058:INFO:is_homePage_visible:Page loaded successfully!
2023-12-11 13:08:22,058:INFO:is_homePage_visible:Page loaded successfully!
2023-12-11 13:08:22,058:INFO:is_homePage_visible:Page loaded successfully!
2023-12-11 13:08:22,058:INFO:is_homePage_visible:Page loaded successfully!
2023-12-11 13:08:22,058:INFO:is_homePage_visible:Page loaded successfully!
2023-12-11 13:08:38,494:INFO:is_homePage_visible:Page loaded successfully!
2023-12-11 13:08:38,494:INFO:is_homePage_visible:Page loaded successfully!
2023-12-11 13:08:38,494:INFO:is_homePage_visible:Page loaded successfully!
2023-12-11 13:08:38,494:INFO:is_homePage_visible:Page loaded successfully!
2023-12-11 13:08:38,494:INFO:is_homePage_visible:Page loaded successfully!
2023-12-11 13:08:38,494:INFO:is_homePage_visible:Page loaded successfully!
2023-12-11 13:08:38,494:INFO:is_homePage_visible:Page loaded successfully!
2023-12-11 13:08:38,494:INFO:is_homePage_visible:Page loaded successfully!
2023-12-11 13:08:38,494:INFO:is_homePage_visible:Page loaded successfully!
2023-12-11 13:08:38,494:INFO:is_homePage_visible:Page loaded successfully!
2023-12-11 13:08:38,494:INFO:is_homePage_visible:Page loaded successfully!
2023-12-11 13:08:38,494:INFO:is_homePage_visible:Page loaded successfully!
2023-12-11 13:08:38,494:INFO:is_homePage_visible:Page loaded successfully!
2023-12-11 13:08:46,902:INFO:is_homePage_visible:Page loaded successfully!
2023-12-11 13:08:46,902:INFO:is_homePage_visible:Page loaded successfully!
2023-12-11 13:08:46,902:INFO:is_homePage_visible:Page loaded successfully!
2023-12-11 13:08:46,902:INFO:is_homePage_visible:Page loaded successfully!
2023-12-11 13:08:46,902:INFO:is_homePage_visible:Page loaded successfully!
2023-12-11 13:08:46,902:INFO:is_homePage_visible:Page loaded successfully!
2023-12-11 13:08:46,902:INFO:is_homePage_visible:Page loaded successfully!
2023-12-11 13:08:46,902:INFO:is_homePage_visible:Page loaded successfully!
2023-12-11 13:08:46,902:INFO:is_homePage_visible:Page loaded successfully!
2023-12-11 13:08:46,902:INFO:is_homePage_visible:Page loaded successfully!
2023-12-11 13:08:46,902:INFO:is_homePage_visible:Page loaded successfully!
2023-12-11 13:08:46,902:INFO:is_homePage_visible:Page loaded successfully!
2023-12-11 13:08:46,902:INFO:is_homePage_visible:Page loaded successfully!
2023-12-11 13:08:46,902:INFO:is_homePage_visible:Page loaded successfully!
2023-12-11 13:08:57,529:INFO:is_homePage_visible:Page loaded successfully!
2023-12-11 13:08:57,529:INFO:is_homePage_visible:Page loaded successfully!
2023-12-11 13:08:57,529:INFO:is_homePage_visible:Page loaded successfully!
2023-12-11 13:08:57,529:INFO:is_homePage_visible:Page loaded successfully!
2023-12-11 13:08:57,529:INFO:is_homePage_visible:Page loaded successfully!
2023-12-11 13:08:57,529:INFO:is_homePage_visible:Page loaded successfully!
2023-12-11 13:08:57,529:INFO:is_homePage_visible:Page loaded successfully!
2023-12-11 13:08:57,529:INFO:is_homePage_visible:Page loaded successfully!
2023-12-11 13:08:57,529:INFO:is_homePage_visible:Page loaded successfully!
2023-12-11 13:08:57,529:INFO:is_homePage_visible:Page loaded successfully!
2023-12-11 13:08:57,529:INFO:is_homePage_visible:Page loaded successfully!
2023-12-11 13:08:57,529:INFO:is_homePage_visible:Page loaded successfully!
2023-12-11 13:08:57,529:INFO:is_homePage_visible:Page loaded successfully!
2023-12-11 13:08:57,529:INFO:is_homePage_visible:Page loaded successfully!
2023-12-11 13:08:57,529:INFO:is_homePage_visible:Page loaded successfully!
2023-12-11 13:09:39,131:INFO:is_homePage_visible:Page loaded successfully!
2023-12-11 13:09:39,131:INFO:is_homePage_visible:Page loaded successfully!
2023-12-11 13:09:39,131:INFO:is_homePage_visible:Page loaded successfully!
2023-12-11 13:09:39,131:INFO:is_homePage_visible:Page loaded successfully!
2023-12-11 13:09:39,131:INFO:is_homePage_visible:Page loaded successfully!
2023-12-11 13:09:39,131:INFO:is_homePage_visible:Page loaded successfully!
2023-12-11 13:09:39,131:INFO:is_homePage_visible:Page loaded successfully!
2023-12-11 13:09:39,131:INFO:is_homePage_visible:Page loaded successfully!
2023-12-11 13:09:39,131:INFO:is_homePage_visible:Page loaded successfully!
2023-12-11 13:09:39,131:INFO:is_homePage_visible:Page loaded successfully!
2023-12-11 13:09:39,131:INFO:is_homePage_visible:Page loaded successfully!
2023-12-11 13:09:39,131:INFO:is_homePage_visible:Page loaded successfully!
2023-12-11 13:09:39,131:INFO:is_homePage_visible:Page loaded successfully!
2023-12-11 13:09:39,131:INFO:is_homePage_visible:Page loaded successfully!
2023-12-11 13:09:39,131:INFO:is_homePage_visible:Page loaded successfully!
2023-12-11 13:09:39,131:INFO:is_homePage_visible:Page loaded successfully!
2023-12-11 13:09:49,042:INFO:is_homePage_visible:Page loaded successfully!
2023-12-11 13:09:49,042:INFO:is_homePage_visible:Page loaded successfully!
2023-12-11 13:09:49,042:INFO:is_homePage_visible:Page loaded successfully!
2023-12-11 13:09:49,042:INFO:is_homePage_visible:Page loaded successfully!
2023-12-11 13:09:49,042:INFO:is_homePage_visible:Page loaded successfully!
2023-12-11 13:09:49,042:INFO:is_homePage_visible:Page loaded successfully!
2023-12-11 13:09:49,042:INFO:is_homePage_visible:Page loaded successfully!
2023-12-11 13:09:49,042:INFO:is_homePage_visible:Page loaded successfully!
2023-12-11 13:09:49,042:INFO:is_homePage_visible:Page loaded successfully!
2023-12-11 13:09:49,042:INFO:is_homePage_visible:Page loaded successfully!
2023-12-11 13:09:49,042:INFO:is_homePage_visible:Page loaded successfully!
2023-12-11 13:09:49,042:INFO:is_homePage_visible:Page loaded successfully!
2023-12-11 13:09:49,042:INFO:is_homePage_visible:Page loaded successfully!
2023-12-11 13:09:49,042:INFO:is_homePage_visible:Page loaded successfully!
2023-12-11 13:09:49,042:INFO:is_homePage_visible:Page loaded successfully!
2023-12-11 13:09:49,042:INFO:is_homePage_visible:Page loaded successfully!
2023-12-11 13:09:49,042:INFO:is_homePage_visible:Page loaded successfully!
2023-12-11 13:10:23,922:INFO:is_homePage_visible:Page loaded successfully!
2023-12-11 13:10:23,922:INFO:is_homePage_visible:Page loaded successfully!
2023-12-11 13:10:23,922:INFO:is_homePage_visible:Page loaded successfully!
2023-12-11 13:10:23,922:INFO:is_homePage_visible:Page loaded successfully!
2023-12-11 13:10:23,922:INFO:is_homePage_visible:Page loaded successfully!
2023-12-11 13:10:23,922:INFO:is_homePage_visible:Page loaded successfully!
2023-12-11 13:10:23,922:INFO:is_homePage_visible:Page loaded successfully!
2023-12-11 13:10:23,922:INFO:is_homePage_visible:Page loaded successfully!
2023-12-11 13:10:23,922:INFO:is_homePage_visible:Page loaded successfully!
2023-12-11 13:10:23,922:INFO:is_homePage_visible:Page loaded successfully!
2023-12-11 13:10:23,922:INFO:is_homePage_visible:Page loaded successfully!
2023-12-11 13:10:23,922:INFO:is_homePage_visible:Page loaded successfully!
2023-12-11 13:10:23,922:INFO:is_homePage_visible:Page loaded successfully!
2023-12-11 13:10:23,922:INFO:is_homePage_visible:Page loaded successfully!
2023-12-11 13:10:23,922:INFO:is_homePage_visible:Page loaded successfully!
2023-12-11 13:10:23,922:INFO:is_homePage_visible:Page loaded successfully!
2023-12-11 13:10:23,922:INFO:is_homePage_visible:Page loaded successfully!
2023-12-11 13:10:23,922:INFO:is_homePage_visible:Page loaded successfully!
2023-12-11 13:11:00,980:INFO:is_homePage_visible:Page loaded successfully!
2023-12-11 13:11:00,980:INFO:is_homePage_visible:Page loaded successfully!
2023-12-11 13:11:00,980:INFO:is_homePage_visible:Page loaded successfully!
2023-12-11 13:11:00,980:INFO:is_homePage_visible:Page loaded successfully!
2023-12-11 13:11:00,980:INFO:is_homePage_visible:Page loaded successfully!
2023-12-11 13:11:00,980:INFO:is_homePage_visible:Page loaded successfully!
2023-12-11 13:11:00,980:INFO:is_homePage_visible:Page loaded successfully!
2023-12-11 13:11:00,980:INFO:is_homePage_visible:Page loaded successfully!
2023-12-11 13:11:00,980:INFO:is_homePage_visible:Page loaded successfully!
2023-12-11 13:11:00,980:INFO:is_homePage_visible:Page loaded successfully!
2023-12-11 13:11:00,980:INFO:is_homePage_visible:Page loaded successfully!
2023-12-11 13:11:00,980:INFO:is_homePage_visible:Page loaded successfully!
2023-12-11 13:11:00,980:INFO:is_homePage_visible:Page loaded successfully!
2023-12-11 13:11:00,980:INFO:is_homePage_visible:Page loaded successfully!
2023-12-11 13:11:00,980:INFO:is_homePage_visible:Page loaded successfully!
2023-12-11 13:11:00,980:INFO:is_homePage_visible:Page loaded successfully!
2023-12-11 13:11:00,980:INFO:is_homePage_visible:Page loaded successfully!
2023-12-11 13:11:00,980:INFO:is_homePage_visible:Page loaded successfully!
2023-12-11 13:11:00,980:INFO:is_homePage_visible:Page loaded successfully!
2023-12-11 13:11:14,165:INFO:is_homePage_visible:Page loaded successfully!
2023-12-11 13:11:14,165:INFO:is_homePage_visible:Page loaded successfully!
2023-12-11 13:11:14,165:INFO:is_homePage_visible:Page loaded successfully!
2023-12-11 13:11:14,165:INFO:is_homePage_visible:Page loaded successfully!
2023-12-11 13:11:14,165:INFO:is_homePage_visible:Page loaded successfully!
2023-12-11 13:11:14,165:INFO:is_homePage_visible:Page loaded successfully!
2023-12-11 13:11:14,165:INFO:is_homePage_visible:Page loaded successfully!
2023-12-11 13:11:14,165:INFO:is_homePage_visible:Page loaded successfully!
2023-12-11 13:11:14,165:INFO:is_homePage_visible:Page loaded successfully!
2023-12-11 13:11:14,165:INFO:is_homePage_visible:Page loaded successfully!
2023-12-11 13:11:14,165:INFO:is_homePage_visible:Page loaded successfully!
2023-12-11 13:11:14,165:INFO:is_homePage_visible:Page loaded successfully!
2023-12-11 13:11:14,165:INFO:is_homePage_visible:Page loaded successfully!
2023-12-11 13:11:14,165:INFO:is_homePage_visible:Page loaded successfully!
2023-12-11 13:11:14,165:INFO:is_homePage_visible:Page loaded successfully!
2023-12-11 13:11:14,165:INFO:is_homePage_visible:Page loaded successfully!
2023-12-11 13:11:14,165:INFO:is_homePage_visible:Page loaded successfully!
2023-12-11 13:11:14,165:INFO:is_homePage_visible:Page loaded successfully!
2023-12-11 13:11:14,165:INFO:is_homePage_visible:Page loaded successfully!
2023-12-11 13:11:14,165:INFO:is_homePage_visible:Page loaded successfully!
2023-12-11 13:11:41,679:INFO:is_homePage_visible:Page loaded successfully!
2023-12-11 13:11:41,679:INFO:is_homePage_visible:Page loaded successfully!
2023-12-11 13:11:41,679:INFO:is_homePage_visible:Page loaded successfully!
2023-12-11 13:11:41,679:INFO:is_homePage_visible:Page loaded successfully!
2023-12-11 13:11:41,679:INFO:is_homePage_visible:Page loaded successfully!
2023-12-11 13:11:41,679:INFO:is_homePage_visible:Page loaded successfully!
2023-12-11 13:11:41,679:INFO:is_homePage_visible:Page loaded successfully!
2023-12-11 13:11:41,679:INFO:is_homePage_visible:Page loaded successfully!
2023-12-11 13:11:41,679:INFO:is_homePage_visible:Page loaded successfully!
2023-12-11 13:11:41,679:INFO:is_homePage_visible:Page loaded successfully!
2023-12-11 13:11:41,679:INFO:is_homePage_visible:Page loaded successfully!
2023-12-11 13:11:41,679:INFO:is_homePage_visible:Page loaded successfully!
2023-12-11 13:11:41,679:INFO:is_homePage_visible:Page loaded successfully!
2023-12-11 13:11:41,679:INFO:is_homePage_visible:Page loaded successfully!
2023-12-11 13:11:41,679:INFO:is_homePage_visible:Page loaded successfully!
2023-12-11 13:11:41,679:INFO:is_homePage_visible:Page loaded successfully!
2023-12-11 13:11:41,679:INFO:is_homePage_visible:Page loaded successfully!
2023-12-11 13:11:41,679:INFO:is_homePage_visible:Page loaded successfully!
2023-12-11 13:11:41,679:INFO:is_homePage_visible:Page loaded successfully!
2023-12-11 13:11:41,679:INFO:is_homePage_visible:Page loaded successfully!
2023-12-11 13:11:41,679:INFO:is_homePage_visible:Page loaded successfully!
2023-12-11 13:11:59,539:INFO:is_homePage_visible:Page loaded successfully!
2023-12-11 13:11:59,539:INFO:is_homePage_visible:Page loaded successfully!
2023-12-11 13:11:59,539:INFO:is_homePage_visible:Page loaded successfully!
2023-12-11 13:11:59,539:INFO:is_homePage_visible:Page loaded successfully!
2023-12-11 13:11:59,539:INFO:is_homePage_visible:Page loaded successfully!
2023-12-11 13:11:59,539:INFO:is_homePage_visible:Page loaded successfully!
2023-12-11 13:11:59,539:INFO:is_homePage_visible:Page loaded successfully!
2023-12-11 13:11:59,539:INFO:is_homePage_visible:Page loaded successfully!
2023-12-11 13:11:59,539:INFO:is_homePage_visible:Page loaded successfully!
2023-12-11 13:11:59,539:INFO:is_homePage_visible:Page loaded successfully!
2023-12-11 13:11:59,539:INFO:is_homePage_visible:Page loaded successfully!
2023-12-11 13:11:59,539:INFO:is_homePage_visible:Page loaded successfully!
2023-12-11 13:11:59,539:INFO:is_homePage_visible:Page loaded successfully!
2023-12-11 13:11:59,539:INFO:is_homePage_visible:Page loaded successfully!
2023-12-11 13:11:59,539:INFO:is_homePage_visible:Page loaded successfully!
2023-12-11 13:11:59,539:INFO:is_homePage_visible:Page loaded successfully!
2023-12-11 13:11:59,539:INFO:is_homePage_visible:Page loaded successfully!
2023-12-11 13:11:59,539:INFO:is_homePage_visible:Page loaded successfully!
2023-12-11 13:11:59,539:INFO:is_homePage_visible:Page loaded successfully!
2023-12-11 13:11:59,539:INFO:is_homePage_visible:Page loaded successfully!
2023-12-11 13:11:59,539:INFO:is_homePage_visible:Page loaded successfully!
2023-12-11 13:11:59,539:INFO:is_homePage_visible:Page loaded successfully!
2023-12-11 13:12:17,964:INFO:is_homePage_visible:Page loaded successfully!
2023-12-11 13:12:17,964:INFO:is_homePage_visible:Page loaded successfully!
2023-12-11 13:12:17,964:INFO:is_homePage_visible:Page loaded successfully!
2023-12-11 13:12:17,964:INFO:is_homePage_visible:Page loaded successfully!
2023-12-11 13:12:17,964:INFO:is_homePage_visible:Page loaded successfully!
2023-12-11 13:12:17,964:INFO:is_homePage_visible:Page loaded successfully!
2023-12-11 13:12:17,964:INFO:is_homePage_visible:Page loaded successfully!
2023-12-11 13:12:17,964:INFO:is_homePage_visible:Page loaded successfully!
2023-12-11 13:12:17,964:INFO:is_homePage_visible:Page loaded successfully!
2023-12-11 13:12:17,964:INFO:is_homePage_visible:Page loaded successfully!
2023-12-11 13:12:17,964:INFO:is_homePage_visible:Page loaded successfully!
2023-12-11 13:12:17,964:INFO:is_homePage_visible:Page loaded successfully!
2023-12-11 13:12:17,964:INFO:is_homePage_visible:Page loaded successfully!
2023-12-11 13:12:17,964:INFO:is_homePage_visible:Page loaded successfully!
2023-12-11 13:12:17,964:INFO:is_homePage_visible:Page loaded successfully!
2023-12-11 13:12:17,964:INFO:is_homePage_visible:Page loaded successfully!
2023-12-11 13:12:17,964:INFO:is_homePage_visible:Page loaded successfully!
2023-12-11 13:12:17,964:INFO:is_homePage_visible:Page loaded successfully!
2023-12-11 13:12:17,964:INFO:is_homePage_visible:Page loaded successfully!
2023-12-11 13:12:17,964:INFO:is_homePage_visible:Page loaded successfully!
2023-12-11 13:12:17,964:INFO:is_homePage_visible:Page loaded successfully!
2023-12-11 13:12:17,964:INFO:is_homePage_visible:Page loaded successfully!
2023-12-11 13:12:17,964:INFO:is_homePage_visible:Page loaded successfully!
2023-12-11 13:12:33,974:INFO:is_homePage_visible:Page loaded successfully!
2023-12-11 13:12:33,974:INFO:is_homePage_visible:Page loaded successfully!
2023-12-11 13:12:33,974:INFO:is_homePage_visible:Page loaded successfully!
2023-12-11 13:12:33,974:INFO:is_homePage_visible:Page loaded successfully!
2023-12-11 13:12:33,974:INFO:is_homePage_visible:Page loaded successfully!
2023-12-11 13:12:33,974:INFO:is_homePage_visible:Page loaded successfully!
2023-12-11 13:12:33,974:INFO:is_homePage_visible:Page loaded successfully!
2023-12-11 13:12:33,974:INFO:is_homePage_visible:Page loaded successfully!
2023-12-11 13:12:33,974:INFO:is_homePage_visible:Page loaded successfully!
2023-12-11 13:12:33,974:INFO:is_homePage_visible:Page loaded successfully!
2023-12-11 13:12:33,974:INFO:is_homePage_visible:Page loaded successfully!
2023-12-11 13:12:33,974:INFO:is_homePage_visible:Page loaded successfully!
2023-12-11 13:12:33,974:INFO:is_homePage_visible:Page loaded successfully!
2023-12-11 13:12:33,974:INFO:is_homePage_visible:Page loaded successfully!
2023-12-11 13:12:33,974:INFO:is_homePage_visible:Page loaded successfully!
2023-12-11 13:12:33,974:INFO:is_homePage_visible:Page loaded successfully!
2023-12-11 13:12:33,974:INFO:is_homePage_visible:Page loaded successfully!
2023-12-11 13:12:33,974:INFO:is_homePage_visible:Page loaded successfully!
2023-12-11 13:12:33,974:INFO:is_homePage_visible:Page loaded successfully!
2023-12-11 13:12:33,974:INFO:is_homePage_visible:Page loaded successfully!
2023-12-11 13:12:33,974:INFO:is_homePage_visible:Page loaded successfully!
2023-12-11 13:12:33,974:INFO:is_homePage_visible:Page loaded successfully!
2023-12-11 13:12:33,974:INFO:is_homePage_visible:Page loaded successfully!
2023-12-11 13:12:33,974:INFO:is_homePage_visible:Page loaded successfully!
2023-12-11 13:12:43,536:INFO:is_homePage_visible:Page loaded successfully!
2023-12-11 13:12:43,536:INFO:is_homePage_visible:Page loaded successfully!
2023-12-11 13:12:43,536:INFO:is_homePage_visible:Page loaded successfully!
2023-12-11 13:12:43,536:INFO:is_homePage_visible:Page loaded successfully!
2023-12-11 13:12:43,536:INFO:is_homePage_visible:Page loaded successfully!
2023-12-11 13:12:43,536:INFO:is_homePage_visible:Page loaded successfully!
2023-12-11 13:12:43,536:INFO:is_homePage_visible:Page loaded successfully!
2023-12-11 13:12:43,536:INFO:is_homePage_visible:Page loaded successfully!
2023-12-11 13:12:43,536:INFO:is_homePage_visible:Page loaded successfully!
2023-12-11 13:12:43,536:INFO:is_homePage_visible:Page loaded successfully!
2023-12-11 13:12:43,536:INFO:is_homePage_visible:Page loaded successfully!
2023-12-11 13:12:43,536:INFO:is_homePage_visible:Page loaded successfully!
2023-12-11 13:12:43,536:INFO:is_homePage_visible:Page loaded successfully!
2023-12-11 13:12:43,536:INFO:is_homePage_visible:Page loaded successfully!
2023-12-11 13:12:43,536:INFO:is_homePage_visible:Page loaded successfully!
2023-12-11 13:12:43,536:INFO:is_homePage_visible:Page loaded successfully!
2023-12-11 13:12:43,536:INFO:is_homePage_visible:Page loaded successfully!
2023-12-11 13:12:43,536:INFO:is_homePage_visible:Page loaded successfully!
2023-12-11 13:12:43,536:INFO:is_homePage_visible:Page loaded successfully!
2023-12-11 13:12:43,536:INFO:is_homePage_visible:Page loaded successfully!
2023-12-11 13:12:43,536:INFO:is_homePage_visible:Page loaded successfully!
2023-12-11 13:12:43,536:INFO:is_homePage_visible:Page loaded successfully!
2023-12-11 13:12:43,536:INFO:is_homePage_visible:Page loaded successfully!
2023-12-11 13:12:43,536:INFO:is_homePage_visible:Page loaded successfully!
2023-12-11 13:12:43,536:INFO:is_homePage_visible:Page loaded successfully!
2023-12-11 13:12:59,439:INFO:is_homePage_visible:Page loaded successfully!
2023-12-11 13:12:59,439:INFO:is_homePage_visible:Page loaded successfully!
2023-12-11 13:12:59,439:INFO:is_homePage_visible:Page loaded successfully!
2023-12-11 13:12:59,439:INFO:is_homePage_visible:Page loaded successfully!
2023-12-11 13:12:59,439:INFO:is_homePage_visible:Page loaded successfully!
2023-12-11 13:12:59,439:INFO:is_homePage_visible:Page loaded successfully!
2023-12-11 13:12:59,439:INFO:is_homePage_visible:Page loaded successfully!
2023-12-11 13:12:59,439:INFO:is_homePage_visible:Page loaded successfully!
2023-12-11 13:12:59,439:INFO:is_homePage_visible:Page loaded successfully!
2023-12-11 13:12:59,439:INFO:is_homePage_visible:Page loaded successfully!
2023-12-11 13:12:59,439:INFO:is_homePage_visible:Page loaded successfully!
2023-12-11 13:12:59,439:INFO:is_homePage_visible:Page loaded successfully!
2023-12-11 13:12:59,439:INFO:is_homePage_visible:Page loaded successfully!
2023-12-11 13:12:59,439:INFO:is_homePage_visible:Page loaded successfully!
2023-12-11 13:12:59,439:INFO:is_homePage_visible:Page loaded successfully!
2023-12-11 13:12:59,439:INFO:is_homePage_visible:Page loaded successfully!
2023-12-11 13:12:59,439:INFO:is_homePage_visible:Page loaded successfully!
2023-12-11 13:12:59,439:INFO:is_homePage_visible:Page loaded successfully!
2023-12-11 13:12:59,439:INFO:is_homePage_visible:Page loaded successfully!
2023-12-11 13:12:59,439:INFO:is_homePage_visible:Page loaded successfully!
2023-12-11 13:12:59,439:INFO:is_homePage_visible:Page loaded successfully!
2023-12-11 13:12:59,439:INFO:is_homePage_visible:Page loaded successfully!
2023-12-11 13:12:59,439:INFO:is_homePage_visible:Page loaded successfully!
2023-12-11 13:12:59,439:INFO:is_homePage_visible:Page loaded successfully!
2023-12-11 13:12:59,439:INFO:is_homePage_visible:Page loaded successfully!
2023-12-11 13:12:59,439:INFO:is_homePage_visible:Page loaded successfully!
2023-12-11 13:13:15,580:INFO:is_homePage_visible:Page loaded successfully!
2023-12-11 13:13:15,580:INFO:is_homePage_visible:Page loaded successfully!
2023-12-11 13:13:15,580:INFO:is_homePage_visible:Page loaded successfully!
2023-12-11 13:13:15,580:INFO:is_homePage_visible:Page loaded successfully!
2023-12-11 13:13:15,580:INFO:is_homePage_visible:Page loaded successfully!
2023-12-11 13:13:15,580:INFO:is_homePage_visible:Page loaded successfully!
2023-12-11 13:13:15,580:INFO:is_homePage_visible:Page loaded successfully!
2023-12-11 13:13:15,580:INFO:is_homePage_visible:Page loaded successfully!
2023-12-11 13:13:15,580:INFO:is_homePage_visible:Page loaded successfully!
2023-12-11 13:13:15,580:INFO:is_homePage_visible:Page loaded successfully!
2023-12-11 13:13:15,580:INFO:is_homePage_visible:Page loaded successfully!
2023-12-11 13:13:15,580:INFO:is_homePage_visible:Page loaded successfully!
2023-12-11 13:13:15,580:INFO:is_homePage_visible:Page loaded successfully!
2023-12-11 13:13:15,580:INFO:is_homePage_visible:Page loaded successfully!
2023-12-11 13:13:15,580:INFO:is_homePage_visible:Page loaded successfully!
2023-12-11 13:13:15,580:INFO:is_homePage_visible:Page loaded successfully!
2023-12-11 13:13:15,580:INFO:is_homePage_visible:Page loaded successfully!
2023-12-11 13:13:15,580:INFO:is_homePage_visible:Page loaded successfully!
2023-12-11 13:13:15,580:INFO:is_homePage_visible:Page loaded successfully!
2023-12-11 13:13:15,580:INFO:is_homePage_visible:Page loaded successfully!
2023-12-11 13:13:15,580:INFO:is_homePage_visible:Page loaded successfully!
2023-12-11 13:13:15,580:INFO:is_homePage_visible:Page loaded successfully!
2023-12-11 13:13:15,580:INFO:is_homePage_visible:Page loaded successfully!
2023-12-11 13:13:15,580:INFO:is_homePage_visible:Page loaded successfully!
2023-12-11 13:13:15,580:INFO:is_homePage_visible:Page loaded successfully!
2023-12-11 13:13:15,580:INFO:is_homePage_visible:Page loaded successfully!
2023-12-11 13:13:15,580:INFO:is_homePage_visible:Page loaded successfully!
2023-12-11 13:13:25,532:INFO:is_homePage_visible:Page loaded successfully!
2023-12-11 13:13:25,532:INFO:is_homePage_visible:Page loaded successfully!
2023-12-11 13:13:25,532:INFO:is_homePage_visible:Page loaded successfully!
2023-12-11 13:13:25,532:INFO:is_homePage_visible:Page loaded successfully!
2023-12-11 13:13:25,532:INFO:is_homePage_visible:Page loaded successfully!
2023-12-11 13:13:25,532:INFO:is_homePage_visible:Page loaded successfully!
2023-12-11 13:13:25,532:INFO:is_homePage_visible:Page loaded successfully!
2023-12-11 13:13:25,532:INFO:is_homePage_visible:Page loaded successfully!
2023-12-11 13:13:25,532:INFO:is_homePage_visible:Page loaded successfully!
2023-12-11 13:13:25,532:INFO:is_homePage_visible:Page loaded successfully!
2023-12-11 13:13:25,532:INFO:is_homePage_visible:Page loaded successfully!
2023-12-11 13:13:25,532:INFO:is_homePage_visible:Page loaded successfully!
2023-12-11 13:13:25,532:INFO:is_homePage_visible:Page loaded successfully!
2023-12-11 13:13:25,532:INFO:is_homePage_visible:Page loaded successfully!
2023-12-11 13:13:25,532:INFO:is_homePage_visible:Page loaded successfully!
2023-12-11 13:13:25,532:INFO:is_homePage_visible:Page loaded successfully!
2023-12-11 13:13:25,532:INFO:is_homePage_visible:Page loaded successfully!
2023-12-11 13:13:25,532:INFO:is_homePage_visible:Page loaded successfully!
2023-12-11 13:13:25,532:INFO:is_homePage_visible:Page loaded successfully!
2023-12-11 13:13:25,532:INFO:is_homePage_visible:Page loaded successfully!
2023-12-11 13:13:25,532:INFO:is_homePage_visible:Page loaded successfully!
2023-12-11 13:13:25,532:INFO:is_homePage_visible:Page loaded successfully!
2023-12-11 13:13:25,532:INFO:is_homePage_visible:Page loaded successfully!
2023-12-11 13:13:25,532:INFO:is_homePage_visible:Page loaded successfully!
2023-12-11 13:13:25,532:INFO:is_homePage_visible:Page loaded successfully!
2023-12-11 13:13:25,532:INFO:is_homePage_visible:Page loaded successfully!
2023-12-11 13:13:25,532:INFO:is_homePage_visible:Page loaded successfully!
2023-12-11 13:13:25,532:INFO:is_homePage_visible:Page loaded successfully!
2023-12-12 17:00:51,876:INFO:is_homePage_visible:Page loaded successfully!
2023-12-12 17:00:53,442:INFO:test_register_new_user:New User Signup!
2023-12-12 17:02:09,235:INFO:is_homePage_visible:Page loaded successfully!
2023-12-12 17:02:10,743:INFO:test_register_new_user:New User Signup!
2023-12-12 17:04:44,801:INFO:is_homePage_visible:Page loaded successfully!
2023-12-12 17:04:46,420:INFO:test_register_new_user:New User Signup!
2023-12-12 17:04:47,899:INFO:test_register_new_user:ENTER ACCOUNT INFORMATION
2023-12-12 17:07:37,526:INFO:is_homePage_visible:Page loaded successfully!
2023-12-12 17:07:38,540:INFO:test_register_new_user:New User Signup!
2023-12-12 17:07:39,808:INFO:test_register_new_user:ENTER ACCOUNT INFORMATION
2023-12-12 23:05:28,731:INFO:is_homePage_visible:Page loaded successfully!
2023-12-12 23:05:30,540:INFO:test_register_new_user:New User Signup!
2023-12-12 23:05:31,924:INFO:test_register_new_user:ENTER ACCOUNT INFORMATION
2023-12-12 23:06:38,723:INFO:is_homePage_visible:Page loaded successfully!
2023-12-12 23:06:40,205:INFO:test_register_new_user:New User Signup!
2023-12-12 23:06:41,521:INFO:test_register_new_user:ENTER ACCOUNT INFORMATION
2023-12-12 23:06:48,275:INFO:test_register_new_user:Account Creation Successful
2023-12-12 23:06:48,310:INFO:test_register_new_user:Logged as Username is successful
2023-12-12 23:06:51,937:INFO:test_register_new_user:account delete successful
2023-12-13 10:25:53,346:INFO:is_homePage_visible:Page loaded successfully!
2023-12-13 10:25:53,402:INFO:is_homePage_visible:Page loaded successfully!
2023-12-13 10:25:53,402:INFO:is_homePage_visible:Page loaded successfully!
2023-12-13 10:34:17,780:INFO:is_homePage_visible:Page loaded successfully!
2023-12-13 10:34:17,812:INFO:is_homePage_visible:Page loaded successfully!
2023-12-13 10:34:17,812:INFO:is_homePage_visible:Page loaded successfully!
2023-12-13 10:38:23,535:INFO:is_homePage_visible:Page loaded successfully!
2023-12-13 10:38:23,565:INFO:is_homePage_visible:Page loaded successfully!
2023-12-13 10:38:23,565:INFO:is_homePage_visible:Page loaded successfully!
2023-12-13 10:38:44,272:INFO:is_homePage_visible:Page loaded successfully!
2023-12-13 10:38:44,272:INFO:is_homePage_visible:Page loaded successfully!
2023-12-13 10:38:44,272:INFO:is_homePage_visible:Page loaded successfully!
2023-12-13 10:38:44,309:INFO:is_homePage_visible:Page loaded successfully!
2023-12-13 10:38:44,309:INFO:is_homePage_visible:Page loaded successfully!
2023-12-13 10:38:44,309:INFO:is_homePage_visible:Page loaded successfully!
2023-12-13 10:38:44,309:INFO:is_homePage_visible:Page loaded successfully!
2023-12-13 10:39:27,027:INFO:is_homePage_visible:Page loaded successfully!
2023-12-13 10:39:27,027:INFO:is_homePage_visible:Page loaded successfully!
2023-12-13 10:39:27,027:INFO:is_homePage_visible:Page loaded successfully!
2023-12-13 10:39:27,027:INFO:is_homePage_visible:Page loaded successfully!
2023-12-13 10:39:27,027:INFO:is_homePage_visible:Page loaded successfully!
2023-12-13 10:39:29,990:INFO:test_register_User_withExisting_Exit:New User Signup!
